[20:13:35] [ServerMain/INFO]: Environment: authHost='https://authserver.mojang.com', accountsHost='https://api.mojang.com', sessionHost='https://sessionserver.mojang.com', servicesHost='https://api.minecraftservices.com', name='PROD'
[20:13:38] [ServerMain/INFO]: Loaded 7 recipes
[20:13:38] [ServerMain/INFO]: Loaded 1271 advancements
[20:13:39] [Server thread/INFO]: Starting minecraft server version 1.20.1
[20:13:39] [Server thread/INFO]: Loading properties
[20:13:39] [Server thread/INFO]: Default game type: SURVIVAL
[20:13:39] [Server thread/INFO]: Generating keypair
[20:13:39] [Server thread/INFO]: Starting Minecraft server on *:25565
[20:13:39] [Server thread/INFO]: Using epoll channel type
[20:13:39] [Server thread/WARN]: **** SERVER IS RUNNING IN OFFLINE/INSECURE MODE!
[20:13:39] [Server thread/WARN]: The server will make no attempt to authenticate usernames. Beware.
[20:13:39] [Server thread/WARN]: While this makes the game possible to play without internet access, it also opens up the ability for hackers to connect with any username they choose.
[20:13:39] [Server thread/WARN]: To change this, set "online-mode" to "true" in the server.properties file.
[20:13:39] [Server thread/INFO]: Preparing level "world"
[20:13:51] [Server thread/INFO]: Preparing start region for dimension minecraft:overworld
[20:13:53] [Worker-Main-5/INFO]: Preparing spawn area: 0%
[20:13:53] [Worker-Main-5/INFO]: Preparing spawn area: 0%
[20:13:53] [Worker-Main-5/INFO]: Preparing spawn area: 0%
[20:13:53] [Worker-Main-5/INFO]: Preparing spawn area: 0%
[20:13:53] [Worker-Main-5/INFO]: Preparing spawn area: 0%
[20:13:53] [Worker-Main-5/INFO]: Preparing spawn area: 0%
[20:13:54] [Worker-Main-5/INFO]: Preparing spawn area: 0%
[20:13:54] [Worker-Main-5/INFO]: Preparing spawn area: 0%
[20:13:55] [Worker-Main-5/INFO]: Preparing spawn area: 0%
[20:13:55] [Worker-Main-5/INFO]: Preparing spawn area: 0%
[20:13:56] [Worker-Main-5/INFO]: Preparing spawn area: 0%
[20:13:56] [Worker-Main-5/INFO]: Preparing spawn area: 0%
[20:13:57] [Worker-Main-5/INFO]: Preparing spawn area: 0%
[20:13:57] [Worker-Main-5/INFO]: Preparing spawn area: 0%
[20:13:58] [Worker-Main-5/INFO]: Preparing spawn area: 0%
[20:13:58] [Worker-Main-5/INFO]: Preparing spawn area: 0%
[20:13:59] [Worker-Main-5/INFO]: Preparing spawn area: 0%
[20:13:59] [Worker-Main-5/INFO]: Preparing spawn area: 0%
[20:14:00] [Worker-Main-5/INFO]: Preparing spawn area: 0%
[20:14:00] [Worker-Main-5/INFO]: Preparing spawn area: 0%
[20:14:01] [Worker-Main-5/INFO]: Preparing spawn area: 0%
[20:14:01] [Worker-Main-5/INFO]: Preparing spawn area: 0%
[20:14:02] [Worker-Main-5/INFO]: Preparing spawn area: 0%
[20:14:02] [Worker-Main-5/INFO]: Preparing spawn area: 0%
[20:14:03] [Worker-Main-5/INFO]: Preparing spawn area: 0%
[20:14:03] [Worker-Main-5/INFO]: Preparing spawn area: 0%
[20:14:04] [Worker-Main-5/INFO]: Preparing spawn area: 0%
[20:14:04] [Worker-Main-5/INFO]: Preparing spawn area: 0%
[20:14:05] [Worker-Main-5/INFO]: Preparing spawn area: 0%
[20:14:05] [Worker-Main-5/INFO]: Preparing spawn area: 0%
[20:14:06] [Worker-Main-5/INFO]: Preparing spawn area: 0%
[20:14:06] [Worker-Main-5/INFO]: Preparing spawn area: 0%
[20:14:07] [Worker-Main-5/INFO]: Preparing spawn area: 0%
[20:14:07] [Worker-Main-5/INFO]: Preparing spawn area: 0%
[20:14:08] [Worker-Main-5/INFO]: Preparing spawn area: 0%
[20:14:08] [Worker-Main-5/INFO]: Preparing spawn area: 0%
[20:14:09] [Worker-Main-5/INFO]: Preparing spawn area: 0%
[20:14:11] [Worker-Main-5/INFO]: Preparing spawn area: 0%
[20:14:11] [Worker-Main-5/INFO]: Preparing spawn area: 0%
[20:14:11] [Worker-Main-5/INFO]: Preparing spawn area: 0%
[20:14:11] [Worker-Main-5/INFO]: Preparing spawn area: 0%
[20:14:11] [Worker-Main-5/INFO]: Preparing spawn area: 0%
[20:14:12] [Worker-Main-5/INFO]: Preparing spawn area: 0%
[20:14:12] [Worker-Main-5/INFO]: Preparing spawn area: 0%
[20:14:13] [Worker-Main-5/INFO]: Preparing spawn area: 0%
[20:14:13] [Worker-Main-5/INFO]: Preparing spawn area: 0%
[20:14:14] [Worker-Main-5/INFO]: Preparing spawn area: 0%
[20:14:14] [Worker-Main-5/INFO]: Preparing spawn area: 0%
[20:14:15] [Worker-Main-5/INFO]: Preparing spawn area: 0%
[20:14:15] [Worker-Main-5/INFO]: Preparing spawn area: 0%
[20:14:16] [Worker-Main-5/INFO]: Preparing spawn area: 0%
[20:14:16] [Worker-Main-5/INFO]: Preparing spawn area: 0%
[20:14:17] [Worker-Main-5/INFO]: Preparing spawn area: 0%
[20:14:17] [Worker-Main-5/INFO]: Preparing spawn area: 0%
[20:14:18] [Worker-Main-5/INFO]: Preparing spawn area: 0%
[20:14:18] [Worker-Main-5/INFO]: Preparing spawn area: 0%
[20:14:19] [Worker-Main-5/INFO]: Preparing spawn area: 0%
[20:14:19] [Worker-Main-5/INFO]: Preparing spawn area: 0%
[20:14:20] [Worker-Main-5/INFO]: Preparing spawn area: 0%
[20:14:20] [Worker-Main-5/INFO]: Preparing spawn area: 0%
[20:14:21] [Worker-Main-5/INFO]: Preparing spawn area: 0%
[20:14:21] [Worker-Main-5/INFO]: Preparing spawn area: 0%
[20:14:22] [Worker-Main-5/INFO]: Preparing spawn area: 0%
[20:14:22] [Worker-Main-5/INFO]: Preparing spawn area: 0%
[20:14:24] [Worker-Main-5/INFO]: Preparing spawn area: 0%
[20:14:24] [Worker-Main-5/INFO]: Preparing spawn area: 0%
[20:14:24] [Worker-Main-5/INFO]: Preparing spawn area: 0%
[20:14:24] [Worker-Main-5/INFO]: Preparing spawn area: 0%
[20:14:25] [Worker-Main-5/INFO]: Preparing spawn area: 0%
[20:14:25] [Worker-Main-5/INFO]: Preparing spawn area: 0%
[20:14:26] [Worker-Main-5/INFO]: Preparing spawn area: 0%
[20:14:26] [Worker-Main-5/INFO]: Preparing spawn area: 0%
[20:14:27] [Worker-Main-5/INFO]: Preparing spawn area: 0%
[20:14:27] [Worker-Main-5/INFO]: Preparing spawn area: 0%
[20:14:28] [Worker-Main-5/INFO]: Preparing spawn area: 0%
[20:14:28] [Worker-Main-5/INFO]: Preparing spawn area: 0%
[20:14:29] [Worker-Main-5/INFO]: Preparing spawn area: 0%
[20:14:29] [Worker-Main-5/INFO]: Preparing spawn area: 0%
[20:14:30] [Worker-Main-5/INFO]: Preparing spawn area: 0%
[20:14:30] [Worker-Main-5/INFO]: Preparing spawn area: 0%
[20:14:31] [Worker-Main-5/INFO]: Preparing spawn area: 0%
[20:14:32] [Worker-Main-5/INFO]: Preparing spawn area: 0%
[20:14:32] [Worker-Main-5/INFO]: Preparing spawn area: 0%
[20:14:32] [Worker-Main-5/INFO]: Preparing spawn area: 0%
[20:14:33] [Worker-Main-5/INFO]: Preparing spawn area: 0%
[20:14:33] [Worker-Main-5/INFO]: Preparing spawn area: 0%
[20:14:34] [Worker-Main-5/INFO]: Preparing spawn area: 0%
[20:14:34] [Worker-Main-5/INFO]: Preparing spawn area: 0%
[20:14:35] [Worker-Main-5/INFO]: Preparing spawn area: 0%
[20:14:35] [Worker-Main-5/INFO]: Preparing spawn area: 0%
[20:14:37] [Worker-Main-5/INFO]: Preparing spawn area: 12%
[20:14:37] [Worker-Main-5/INFO]: Preparing spawn area: 12%
[20:14:37] [Worker-Main-5/INFO]: Preparing spawn area: 12%
[20:14:41] [Server thread/INFO]: Time elapsed: 49813 ms
[20:14:41] [Server thread/INFO]: Done (61.487s)! For help, type "help"
[20:14:54] [Server thread/INFO]: _Lunh[/[0:0:0:0:0:0:0:1%0]:49236] logged in with entity id 341 at (8.5, 61.0, 1.5)
[20:14:54] [Server thread/INFO]: _Lunh joined the game
[20:15:08] [Server thread/INFO]: Stopping the server
[20:15:08] [Server thread/INFO]: Stopping server
[20:15:08] [Server thread/INFO]: Saving players
[20:15:08] [Server thread/INFO]: _Lunh lost connection: Server closed
[20:15:08] [Server thread/INFO]: _Lunh left the game
[20:15:08] [Server thread/INFO]: Saving worlds
[20:15:11] [Server thread/INFO]: Saving chunks for level 'ServerLevel[world]'/minecraft:overworld
[20:15:12] [Server thread/INFO]: Saving chunks for level 'ServerLevel[world]'/minecraft:the_end
[20:15:12] [Server thread/INFO]: Saving chunks for level 'ServerLevel[world]'/minecraft:the_nether
[20:15:12] [Server thread/INFO]: ThreadedAnvilChunkStorage (world): All chunks are saved
[20:15:12] [Server thread/INFO]: ThreadedAnvilChunkStorage (DIM1): All chunks are saved
[20:15:12] [Server thread/INFO]: ThreadedAnvilChunkStorage (DIM-1): All chunks are saved
[20:15:12] [Server thread/INFO]: ThreadedAnvilChunkStorage: All dimensions are saved
